2025-08-08 05:01:16 - root - INFO - File logging enabled: logs/datect_20250808_050116.log
2025-08-08 05:01:16 - __main__ - INFO - Starting Domoic Acid Forecasting System
2025-08-08 05:01:16 - __main__ - INFO - System started in realtime mode
2025-08-08 05:01:16 - __main__ - INFO - Initializing forecast application
2025-08-08 05:01:16 - forecasting.core.forecast_engine - INFO - Initializing ForecastEngine
2025-08-08 05:01:16 - forecasting.core.forecast_engine - INFO - Using data file: ./data/processed/final_output.parquet
2025-08-08 05:01:16 - forecasting.core.forecast_engine - INFO - Validating system startup configuration
2025-08-08 05:01:16 - forecasting.core.forecast_engine - INFO - System startup validation completed successfully
2025-08-08 05:01:16 - forecasting.core.forecast_engine - INFO - Initializing data processor and model factory
2025-08-08 05:01:16 - forecasting.core.data_processor - INFO - Initializing DataProcessor
2025-08-08 05:01:16 - forecasting.core.data_processor - INFO - DA category configuration loaded: 4 categories
2025-08-08 05:01:16 - forecasting.core.forecast_engine - INFO - Configuration: buffer_days=1, min_samples=5, seed=42
2025-08-08 05:01:16 - forecasting.core.forecast_engine - INFO - ForecastEngine initialization completed successfully
2025-08-08 05:01:16 - __main__ - INFO - Running realtime forecasting mode
2025-08-08 05:01:16 - __main__ - INFO - Starting real-time forecasting dashboard
2025-08-08 05:01:16 - __main__ - INFO - Using XGBoost model for real-time forecasting
2025-08-08 05:01:16 - forecasting.core.forecast_engine - INFO - Initializing ForecastEngine
2025-08-08 05:01:16 - forecasting.core.forecast_engine - INFO - Using data file: ./data/processed/final_output.parquet
2025-08-08 05:01:16 - forecasting.core.forecast_engine - INFO - Validating system startup configuration
2025-08-08 05:01:16 - forecasting.core.forecast_engine - INFO - System startup validation completed successfully
2025-08-08 05:01:16 - forecasting.core.forecast_engine - INFO - Initializing data processor and model factory
2025-08-08 05:01:16 - forecasting.core.data_processor - INFO - Initializing DataProcessor
2025-08-08 05:01:16 - forecasting.core.data_processor - INFO - DA category configuration loaded: 4 categories
2025-08-08 05:01:16 - forecasting.core.forecast_engine - INFO - Configuration: buffer_days=1, min_samples=5, seed=42
2025-08-08 05:01:16 - forecasting.core.forecast_engine - INFO - ForecastEngine initialization completed successfully
2025-08-08 05:01:16 - forecasting.dashboard.realtime - INFO - Setting up dashboard layout
2025-08-08 05:01:16 - forecasting.dashboard.realtime - INFO - Dashboard setup: 10 sites, date range 2003-01-06 to 2023-12-25
2025-08-08 05:01:16 - __main__ - INFO - Launching dashboard on port 8066
2025-08-08 05:01:16 - forecasting.dashboard.realtime - INFO - Starting RealtimeDashboard server on port 8066
2025-08-08 05:01:16 - forecasting.dashboard.realtime - INFO - Debug mode: False
2025-08-08 05:01:16 - dash.dash - INFO - Dash is running on http://0.0.0.0:8066/

2025-08-08 05:01:16 - werkzeug - INFO - [31m[1mWARNING: This is a development server. Do not use it in a production deployment. Use a production WSGI server instead.[0m
 * Running on all addresses (0.0.0.0)
 * Running on http://127.0.0.1:8066
 * Running on http://192.168.0.242:8066
2025-08-08 05:01:16 - werkzeug - INFO - [33mPress CTRL+C to quit[0m
2025-08-08 05:01:25 - werkzeug - INFO - 192.168.0.242 - - [08/Aug/2025 05:01:25] "GET / HTTP/1.1" 200 -
2025-08-08 05:01:25 - werkzeug - INFO - 192.168.0.242 - - [08/Aug/2025 05:01:25] "GET /_dash-component-suites/dash/deps/react@16.v2_18_2m1739780846.14.0.min.js HTTP/1.1" 200 -
2025-08-08 05:01:25 - werkzeug - INFO - 192.168.0.242 - - [08/Aug/2025 05:01:25] "GET /_dash-component-suites/dash/deps/react-dom@16.v2_18_2m1739780846.14.0.min.js HTTP/1.1" 200 -
2025-08-08 05:01:25 - werkzeug - INFO - 192.168.0.242 - - [08/Aug/2025 05:01:25] "GET /_dash-component-suites/dash/deps/prop-types@15.v2_18_2m1739780846.8.1.min.js HTTP/1.1" 200 -
2025-08-08 05:01:25 - werkzeug - INFO - 192.168.0.242 - - [08/Aug/2025 05:01:25] "GET /_dash-component-suites/dash/dash-renderer/build/dash_renderer.v2_18_2m1739780846.min.js HTTP/1.1" 200 -
2025-08-08 05:01:25 - werkzeug - INFO - 192.168.0.242 - - [08/Aug/2025 05:01:25] "GET /_dash-component-suites/dash/dcc/dash_core_components.v2_14_3m1739780846.js HTTP/1.1" 200 -
2025-08-08 05:01:25 - werkzeug - INFO - 192.168.0.242 - - [08/Aug/2025 05:01:25] "GET /_dash-component-suites/dash/html/dash_html_components.v2_0_20m1739780846.min.js HTTP/1.1" 200 -
2025-08-08 05:01:25 - werkzeug - INFO - 192.168.0.242 - - [08/Aug/2025 05:01:25] "GET /_dash-component-suites/dash/dcc/dash_core_components-shared.v2_14_3m1739780846.js HTTP/1.1" 200 -
2025-08-08 05:01:25 - werkzeug - INFO - 192.168.0.242 - - [08/Aug/2025 05:01:25] "GET /_dash-layout HTTP/1.1" 200 -
2025-08-08 05:01:25 - werkzeug - INFO - 192.168.0.242 - - [08/Aug/2025 05:01:25] "GET /_dash-dependencies HTTP/1.1" 200 -
2025-08-08 05:01:25 - werkzeug - INFO - 192.168.0.242 - - [08/Aug/2025 05:01:25] "GET /_dash-component-suites/dash/dcc/async-datepicker.js HTTP/1.1" 200 -
2025-08-08 05:01:25 - werkzeug - INFO - 192.168.0.242 - - [08/Aug/2025 05:01:25] "GET /_dash-component-suites/dash/dcc/async-dropdown.js HTTP/1.1" 200 -
2025-08-08 05:01:25 - werkzeug - INFO - 192.168.0.242 - - [08/Aug/2025 05:01:25] "GET /_dash-component-suites/dash/dcc/async-graph.js HTTP/1.1" 200 -
2025-08-08 05:01:25 - werkzeug - INFO - 192.168.0.242 - - [08/Aug/2025 05:01:25] "GET /_dash-component-suites/plotly/package_data/plotly.min.js HTTP/1.1" 200 -
2025-08-08 05:01:25 - werkzeug - INFO - 192.168.0.242 - - [08/Aug/2025 05:01:25] "POST /_dash-update-component HTTP/1.1" 200 -
2025-08-08 05:01:25 - werkzeug - INFO - 192.168.0.242 - - [08/Aug/2025 05:01:25] "GET /_favicon.ico?v=2.18.2 HTTP/1.1" 200 -
2025-08-08 05:01:26 - forecasting.core.data_processor - INFO - Loading base data from ./data/processed/final_output.parquet
2025-08-08 05:01:26 - forecasting.core.data_processor - INFO - Raw data loaded: 10950 records, 17 columns
2025-08-08 05:01:26 - forecasting.core.data_processor - INFO - Validating loaded data integrity
2025-08-08 05:01:26 - forecasting.core.data_processor - INFO - Starting data integrity validation
2025-08-08 05:01:26 - forecasting.core.data_processor - INFO - Data integrity validation passed: 10950 records, 17 features
2025-08-08 05:01:26 - forecasting.core.data_processor - INFO - Data preparation completed: 10950 records across 10 sites
2025-08-08 05:01:26 - forecasting.core.data_processor - INFO - Validating forecast inputs for Cannon Beach on 2023-11-25 00:00:00
2025-08-08 05:01:26 - forecasting.core.data_processor - INFO - Forecast input validation passed for Cannon Beach on 2023-11-25
2025-08-08 05:01:26 - forecasting.core.data_processor - INFO - Creating lag features for da with temporal cutoff at 2023-11-20 00:00:00
2025-08-08 05:01:26 - forecasting.core.data_processor - INFO - Successfully created 2 lag features with temporal safeguards
2025-08-08 05:01:27 - forecasting.core.data_processor - INFO - Loading base data from ./data/processed/final_output.parquet
2025-08-08 05:01:27 - forecasting.core.data_processor - INFO - Raw data loaded: 10950 records, 17 columns
2025-08-08 05:01:27 - forecasting.core.data_processor - INFO - Validating loaded data integrity
2025-08-08 05:01:27 - forecasting.core.data_processor - INFO - Starting data integrity validation
2025-08-08 05:01:27 - forecasting.core.data_processor - INFO - Data integrity validation passed: 10950 records, 17 features
2025-08-08 05:01:27 - forecasting.core.data_processor - INFO - Data preparation completed: 10950 records across 10 sites
2025-08-08 05:01:27 - forecasting.core.data_processor - INFO - Validating forecast inputs for Cannon Beach on 2023-11-25 00:00:00
2025-08-08 05:01:27 - forecasting.core.data_processor - INFO - Forecast input validation passed for Cannon Beach on 2023-11-25
2025-08-08 05:01:27 - forecasting.core.data_processor - INFO - Creating lag features for da with temporal cutoff at 2023-11-20 00:00:00
2025-08-08 05:01:27 - forecasting.core.data_processor - INFO - Successfully created 2 lag features with temporal safeguards
2025-08-08 05:01:27 - forecasting.core.data_processor - INFO - Loading base data from ./data/processed/final_output.parquet
2025-08-08 05:01:27 - forecasting.core.data_processor - INFO - Raw data loaded: 10950 records, 17 columns
2025-08-08 05:01:27 - forecasting.core.data_processor - INFO - Validating loaded data integrity
2025-08-08 05:01:27 - forecasting.core.data_processor - INFO - Starting data integrity validation
2025-08-08 05:01:27 - forecasting.core.data_processor - INFO - Data integrity validation passed: 10950 records, 17 features
2025-08-08 05:01:27 - forecasting.core.data_processor - INFO - Data preparation completed: 10950 records across 10 sites
2025-08-08 05:01:27 - forecasting.core.data_processor - INFO - Validating forecast inputs for Cannon Beach on 2023-11-25 00:00:00
2025-08-08 05:01:27 - forecasting.core.data_processor - INFO - Forecast input validation passed for Cannon Beach on 2023-11-25
2025-08-08 05:01:27 - forecasting.core.data_processor - INFO - Creating lag features for da with temporal cutoff at 2023-11-20 00:00:00
2025-08-08 05:01:27 - forecasting.core.data_processor - INFO - Successfully created 2 lag features with temporal safeguards
2025-08-08 05:01:28 - werkzeug - INFO - 192.168.0.242 - - [08/Aug/2025 05:01:28] "POST /_dash-update-component HTTP/1.1" 200 -
2025-08-08 05:01:28 - forecasting.core.data_processor - INFO - Loading base data from ./data/processed/final_output.parquet
2025-08-08 05:01:28 - forecasting.core.data_processor - INFO - Raw data loaded: 10950 records, 17 columns
2025-08-08 05:01:28 - forecasting.core.data_processor - INFO - Validating loaded data integrity
2025-08-08 05:01:28 - forecasting.core.data_processor - INFO - Starting data integrity validation
2025-08-08 05:01:28 - forecasting.core.data_processor - INFO - Data integrity validation passed: 10950 records, 17 features
2025-08-08 05:01:28 - forecasting.core.data_processor - INFO - Data preparation completed: 10950 records across 10 sites
2025-08-08 05:01:28 - forecasting.core.data_processor - INFO - Validating forecast inputs for Cannon Beach on 2023-11-25 00:00:00
2025-08-08 05:01:28 - forecasting.core.data_processor - INFO - Forecast input validation passed for Cannon Beach on 2023-11-25
2025-08-08 05:01:28 - forecasting.core.data_processor - INFO - Creating lag features for da with temporal cutoff at 2023-11-20 00:00:00
2025-08-08 05:01:28 - forecasting.core.data_processor - INFO - Successfully created 2 lag features with temporal safeguards
2025-08-08 05:01:29 - werkzeug - INFO - 192.168.0.242 - - [08/Aug/2025 05:01:29] "POST /_dash-update-component HTTP/1.1" 200 -
2025-08-08 05:01:36 - forecasting.core.data_processor - INFO - Loading base data from ./data/processed/final_output.parquet
2025-08-08 05:01:36 - forecasting.core.data_processor - INFO - Raw data loaded: 10950 records, 17 columns
2025-08-08 05:01:36 - forecasting.core.data_processor - INFO - Validating loaded data integrity
2025-08-08 05:01:36 - forecasting.core.data_processor - INFO - Starting data integrity validation
2025-08-08 05:01:36 - forecasting.core.data_processor - INFO - Data integrity validation passed: 10950 records, 17 features
2025-08-08 05:01:36 - forecasting.core.data_processor - INFO - Data preparation completed: 10950 records across 10 sites
2025-08-08 05:01:36 - forecasting.core.data_processor - INFO - Validating forecast inputs for Gold Beach on 2023-11-25 00:00:00
2025-08-08 05:01:36 - forecasting.core.data_processor - INFO - Forecast input validation passed for Gold Beach on 2023-11-25
2025-08-08 05:01:36 - forecasting.core.data_processor - INFO - Creating lag features for da with temporal cutoff at 2023-11-20 00:00:00
2025-08-08 05:01:36 - forecasting.core.data_processor - INFO - Successfully created 2 lag features with temporal safeguards
2025-08-08 05:01:36 - forecasting.core.data_processor - INFO - Loading base data from ./data/processed/final_output.parquet
2025-08-08 05:01:36 - forecasting.core.data_processor - INFO - Raw data loaded: 10950 records, 17 columns
2025-08-08 05:01:36 - forecasting.core.data_processor - INFO - Validating loaded data integrity
2025-08-08 05:01:36 - forecasting.core.data_processor - INFO - Starting data integrity validation
2025-08-08 05:01:36 - forecasting.core.data_processor - INFO - Data integrity validation passed: 10950 records, 17 features
2025-08-08 05:01:36 - forecasting.core.data_processor - INFO - Data preparation completed: 10950 records across 10 sites
2025-08-08 05:01:36 - forecasting.core.data_processor - INFO - Validating forecast inputs for Gold Beach on 2023-11-25 00:00:00
2025-08-08 05:01:36 - forecasting.core.data_processor - INFO - Forecast input validation passed for Gold Beach on 2023-11-25
2025-08-08 05:01:36 - forecasting.core.data_processor - INFO - Creating lag features for da with temporal cutoff at 2023-11-20 00:00:00
2025-08-08 05:01:36 - forecasting.core.data_processor - INFO - Successfully created 2 lag features with temporal safeguards
2025-08-08 05:01:38 - werkzeug - INFO - 192.168.0.242 - - [08/Aug/2025 05:01:38] "POST /_dash-update-component HTTP/1.1" 200 -
