2025-08-08 05:20:05 - root - INFO - File logging enabled: logs/datect_20250808_052005.log
2025-08-08 05:20:05 - __main__ - INFO - Starting Domoic Acid Forecasting System
2025-08-08 05:20:05 - __main__ - INFO - System started in realtime mode
2025-08-08 05:20:05 - __main__ - INFO - Initializing forecast application
2025-08-08 05:20:05 - forecasting.core.forecast_engine - INFO - Initializing ForecastEngine
2025-08-08 05:20:05 - forecasting.core.forecast_engine - INFO - Using data file: ./data/processed/final_output.parquet
2025-08-08 05:20:05 - forecasting.core.forecast_engine - INFO - Validating system startup configuration
2025-08-08 05:20:05 - forecasting.core.forecast_engine - INFO - System startup validation completed successfully
2025-08-08 05:20:05 - forecasting.core.forecast_engine - INFO - Initializing data processor and model factory
2025-08-08 05:20:05 - forecasting.core.data_processor - INFO - Initializing DataProcessor
2025-08-08 05:20:05 - forecasting.core.data_processor - INFO - DA category configuration loaded: 4 categories
2025-08-08 05:20:05 - forecasting.core.forecast_engine - INFO - Configuration: buffer_days=1, min_samples=5, seed=42
2025-08-08 05:20:05 - forecasting.core.forecast_engine - INFO - ForecastEngine initialization completed successfully
2025-08-08 05:20:05 - __main__ - INFO - Running realtime forecasting mode
2025-08-08 05:20:05 - __main__ - INFO - Starting real-time forecasting dashboard
2025-08-08 05:20:05 - __main__ - INFO - Using Random Forest model for real-time forecasting
2025-08-08 05:20:05 - forecasting.core.forecast_engine - INFO - Initializing ForecastEngine
2025-08-08 05:20:05 - forecasting.core.forecast_engine - INFO - Using data file: ./data/processed/final_output.parquet
2025-08-08 05:20:05 - forecasting.core.forecast_engine - INFO - Validating system startup configuration
2025-08-08 05:20:05 - forecasting.core.forecast_engine - INFO - System startup validation completed successfully
2025-08-08 05:20:05 - forecasting.core.forecast_engine - INFO - Initializing data processor and model factory
2025-08-08 05:20:05 - forecasting.core.data_processor - INFO - Initializing DataProcessor
2025-08-08 05:20:05 - forecasting.core.data_processor - INFO - DA category configuration loaded: 4 categories
2025-08-08 05:20:05 - forecasting.core.forecast_engine - INFO - Configuration: buffer_days=1, min_samples=5, seed=42
2025-08-08 05:20:05 - forecasting.core.forecast_engine - INFO - ForecastEngine initialization completed successfully
2025-08-08 05:20:05 - __main__ - ERROR - Real-time forecasting dashboard failed: name 'logger' is not defined
2025-08-08 05:20:05 - __main__ - ERROR - Application failed: Dashboard launch failed: name 'logger' is not defined
