2025-08-08 04:49:23 - root - INFO - File logging enabled: logs/datect_20250808_044923.log
2025-08-08 04:49:23 - __main__ - INFO - Starting Domoic Acid Forecasting System
2025-08-08 04:49:23 - __main__ - INFO - System started in retrospective mode
2025-08-08 04:49:23 - __main__ - INFO - Initializing forecast application
2025-08-08 04:49:23 - forecasting.core.forecast_engine - INFO - Initializing ForecastEngine
2025-08-08 04:49:23 - forecasting.core.forecast_engine - INFO - Using data file: ./data/processed/final_output.parquet
2025-08-08 04:49:23 - forecasting.core.forecast_engine - INFO - Validating system startup configuration
2025-08-08 04:49:23 - forecasting.core.forecast_engine - INFO - System startup validation completed successfully
2025-08-08 04:49:23 - forecasting.core.forecast_engine - INFO - Initializing data processor and model factory
2025-08-08 04:49:23 - forecasting.core.data_processor - INFO - Initializing DataProcessor
2025-08-08 04:49:23 - forecasting.core.data_processor - INFO - DA category configuration loaded: 4 categories
2025-08-08 04:49:23 - forecasting.core.forecast_engine - INFO - Configuration: buffer_days=1, min_samples=5, seed=42
2025-08-08 04:49:23 - forecasting.core.forecast_engine - INFO - ForecastEngine initialization completed successfully
2025-08-08 04:49:23 - __main__ - INFO - Running retrospective evaluation mode
2025-08-08 04:49:23 - __main__ - INFO - Starting retrospective evaluation with 10 anchors
2025-08-08 04:49:23 - forecasting.core.data_processor - INFO - Loading base data from ./data/processed/final_output.parquet
2025-08-08 04:49:23 - forecasting.core.data_processor - INFO - Raw data loaded: 10950 records, 17 columns
2025-08-08 04:49:23 - forecasting.core.data_processor - INFO - Validating loaded data integrity
2025-08-08 04:49:23 - forecasting.core.data_processor - INFO - Starting data integrity validation
2025-08-08 04:49:23 - forecasting.core.data_processor - INFO - Data integrity validation passed: 10950 records, 17 features
2025-08-08 04:49:23 - forecasting.core.data_processor - INFO - Data preparation completed: 10950 records across 10 sites
2025-08-08 04:49:30 - __main__ - INFO - Generated 93 forecasts successfully
2025-08-08 04:49:30 - __main__ - INFO - Computing and displaying evaluation metrics
2025-08-08 04:49:30 - __main__ - INFO - Site distribution: {'Copalis': np.int64(10), 'Coos Bay': np.int64(10), 'Clatsop Beach': np.int64(10), 'Kalaloch': np.int64(10), 'Newport': np.int64(10), 'Twin Harbors': np.int64(10), 'Long Beach': np.int64(10), 'Gold Beach': np.int64(10), 'Quinault': np.int64(10), 'Cannon Beach': np.int64(3)}
2025-08-08 04:49:30 - forecasting.dashboard.retrospective - INFO - Initializing RetrospectiveDashboard
2025-08-08 04:49:30 - forecasting.dashboard.retrospective - INFO - Results data: 93 records
2025-08-08 04:49:30 - forecasting.dashboard.retrospective - INFO - Setting up Dash application
2025-08-08 04:49:30 - forecasting.dashboard.retrospective - INFO - RetrospectiveDashboard initialization completed
2025-08-08 04:49:30 - forecasting.dashboard.retrospective - INFO - Starting RetrospectiveDashboard server on port 8071
2025-08-08 04:49:30 - forecasting.dashboard.retrospective - INFO - Debug mode: False
2025-08-08 04:49:30 - dash.dash - INFO - Dash is running on http://0.0.0.0:8071/

2025-08-08 04:49:30 - werkzeug - INFO - [31m[1mWARNING: This is a development server. Do not use it in a production deployment. Use a production WSGI server instead.[0m
 * Running on all addresses (0.0.0.0)
 * Running on http://127.0.0.1:8071
 * Running on http://192.168.0.242:8071
2025-08-08 04:49:30 - werkzeug - INFO - [33mPress CTRL+C to quit[0m
