2025-08-07 14:56:40 - root - INFO - File logging enabled: logs/datect_20250807_145640.log
2025-08-07 14:56:40 - __main__ - INFO - Starting Domoic Acid Forecasting System
2025-08-07 14:56:40 - __main__ - INFO - System started in retrospective mode
2025-08-07 14:56:40 - __main__ - INFO - Initializing forecast application
2025-08-07 14:56:40 - forecasting.core.forecast_engine - INFO - Initializing ForecastEngine
2025-08-07 14:56:40 - forecasting.core.forecast_engine - INFO - Using data file: ./data/processed/final_output.parquet
2025-08-07 14:56:40 - forecasting.core.forecast_engine - INFO - Validating system startup configuration
2025-08-07 14:56:41 - forecasting.core.forecast_engine - INFO - System startup validation completed successfully
2025-08-07 14:56:41 - forecasting.core.forecast_engine - INFO - Initializing data processor and model factory
2025-08-07 14:56:41 - forecasting.core.data_processor - INFO - Initializing DataProcessor
2025-08-07 14:56:41 - forecasting.core.data_processor - INFO - DA category configuration loaded: 4 categories
2025-08-07 14:56:41 - forecasting.core.forecast_engine - INFO - Configuration: buffer_days=1, min_samples=5, seed=42
2025-08-07 14:56:41 - forecasting.core.forecast_engine - INFO - ForecastEngine initialization completed successfully
2025-08-07 14:56:41 - __main__ - INFO - Running retrospective evaluation mode
2025-08-07 14:56:41 - __main__ - INFO - Starting retrospective evaluation with 50 anchors
2025-08-07 14:56:41 - forecasting.core.data_processor - INFO - Loading base data from ./data/processed/final_output.parquet
2025-08-07 14:56:41 - forecasting.core.data_processor - INFO - Raw data loaded: 10950 records, 17 columns
2025-08-07 14:56:41 - forecasting.core.data_processor - INFO - Validating loaded data integrity
2025-08-07 14:56:41 - forecasting.core.data_processor - INFO - Starting data integrity validation
2025-08-07 14:56:41 - forecasting.core.data_processor - INFO - Data integrity validation passed: 10950 records, 17 features
2025-08-07 14:56:41 - forecasting.core.data_processor - INFO - Data preparation completed: 10950 records across 10 sites
2025-08-07 14:56:43 - __main__ - ERROR - Retrospective evaluation failed: [Errno 32] Broken pipe
2025-08-07 14:56:43 - __main__ - ERROR - Application failed: [Errno 32] Broken pipe
