2025-08-06 11:33:11 - root - INFO - File logging enabled: outputs/logs/datect_20250806_113311.log
2025-08-06 11:33:11 - __main__ - INFO - Starting DATect dataset creation pipeline - modular version
2025-08-06 11:33:11 - __main__ - INFO - Starting climate data processing
2025-08-06 11:33:11 - data_sources.climate_processor - INFO - Initialized ClimateProcessor
2025-08-06 11:33:11 - data_sources.climate_processor - INFO - Processing all climate data sources
2025-08-06 11:33:11 - data_sources.climate_processor - INFO - Starting climate index processing: PDO
2025-08-06 11:33:11 - forecasting.core.secure_download - INFO - Successfully downloaded: https://oceanview.pfeg.noaa.gov/erddap/tabledap/cciea_OC_PDO.nc?time%2CPDO&time%3E=2002-05-01&time%3C=2025-01-01T00%3A00%3A00Z -> /Users/ansonchen/Documents/GitHub/DATect-Forecasting-Domoic-Acid/tmp/download_7oxfu00pnc
2025-08-06 11:33:11 - data_sources.climate_processor - INFO - Successfully downloaded PDO data to /Users/ansonchen/Documents/GitHub/DATect-Forecasting-Domoic-Acid/tmp/download_7oxfu00pnc
2025-08-06 11:33:11 - data_sources.climate_processor - INFO - Successfully processed PDO: 273 monthly records
2025-08-06 11:33:11 - data_sources.climate_processor - INFO - Starting climate index processing: ONI
2025-08-06 11:33:12 - forecasting.core.secure_download - INFO - Successfully downloaded: https://oceanview.pfeg.noaa.gov/erddap/tabledap/cciea_OC_ONI.nc?time%2CONI&time%3E=2002-05-01&time%3C=2024-12-01T00%3A00%3A00Z -> /Users/ansonchen/Documents/GitHub/DATect-Forecasting-Domoic-Acid/tmp/download_faqc0kx1nc
2025-08-06 11:33:12 - data_sources.climate_processor - INFO - Successfully downloaded ONI data to /Users/ansonchen/Documents/GitHub/DATect-Forecasting-Domoic-Acid/tmp/download_faqc0kx1nc
2025-08-06 11:33:12 - data_sources.climate_processor - INFO - Successfully processed ONI: 272 monthly records
2025-08-06 11:33:12 - data_sources.climate_processor - INFO - Starting BEUTI data processing
2025-08-06 11:33:14 - forecasting.core.secure_download - INFO - Successfully downloaded: https://oceanview.pfeg.noaa.gov/erddap/griddap/erdBEUTIdaily.nc?BEUTI%5B(2002-05-01):1:(2024-11-28T00:00:00Z)%5D%5B(42):1:(47.0)%5D -> /Users/ansonchen/Documents/GitHub/DATect-Forecasting-Domoic-Acid/tmp/download_iskrac35nc
2025-08-06 11:33:14 - data_sources.climate_processor - INFO - Successfully downloaded BEUTI data to /Users/ansonchen/Documents/GitHub/DATect-Forecasting-Domoic-Acid/tmp/download_iskrac35nc
2025-08-06 11:33:16 - data_sources.climate_processor - INFO - Successfully processed BEUTI data: 82480 records
2025-08-06 11:33:16 - data_sources.climate_processor - INFO - Successfully processed PDO: 273 records
2025-08-06 11:33:16 - data_sources.climate_processor - INFO - Successfully processed ONI: 272 records
2025-08-06 11:33:16 - data_sources.climate_processor - INFO - Successfully processed BEUTI: 82480 records
2025-08-06 11:33:16 - data_sources.streamflow_processor - INFO - Initialized StreamflowProcessor
2025-08-06 11:33:16 - data_sources.streamflow_processor - INFO - Starting streamflow data processing
2025-08-06 11:33:16 - forecasting.core.secure_download - INFO - Successfully downloaded: https://waterservices.usgs.gov/nwis/dv?format=json&siteStatus=all&site=14246900&agencyCd=USGS&statCd=00003&parameterCd=00060&startDT=2002-06-01&endDT=2025-02-22 -> /Users/ansonchen/Documents/GitHub/DATect-Forecasting-Domoic-Acid/tmp/download_caneviq7json
2025-08-06 11:33:16 - data_sources.streamflow_processor - INFO - Successfully downloaded streamflow data to /Users/ansonchen/Documents/GitHub/DATect-Forecasting-Domoic-Acid/tmp/download_caneviq7json
2025-08-06 11:33:17 - data_sources.streamflow_processor - INFO - Streamflow data quality: 100.0% valid records
2025-08-06 11:33:17 - data_sources.streamflow_processor - INFO - Successfully processed streamflow data: 8298 records
2025-08-06 11:33:17 - __main__ - INFO - Starting satellite data processing
2025-08-06 11:33:17 - data_sources.satellite_processor - INFO - Initialized SatelliteProcessor
2025-08-06 11:33:17 - __main__ - INFO - Satellite processing placeholder - would process MODIS data here
2025-08-06 11:33:17 - __main__ - INFO - Starting toxin data processing
2025-08-06 11:33:17 - data_sources.toxin_processor - INFO - Initialized ToxinProcessor
2025-08-06 11:33:17 - data_sources.toxin_processor - INFO - Starting DA data processing
2025-08-06 11:33:17 - data_sources.toxin_processor - ERROR - Error processing DA file twin-harbors: Could not open Parquet input source '<Buffer>': Parquet magic bytes not found in footer. Either the file is corrupted or this is not a parquet file.
2025-08-06 11:33:17 - data_sources.toxin_processor - WARNING - No valid DA data processed for twin-harbors
2025-08-06 11:33:17 - data_sources.toxin_processor - ERROR - Error processing DA file long-beach: Could not open Parquet input source '<Buffer>': Parquet magic bytes not found in footer. Either the file is corrupted or this is not a parquet file.
2025-08-06 11:33:17 - data_sources.toxin_processor - WARNING - No valid DA data processed for long-beach
2025-08-06 11:33:17 - data_sources.toxin_processor - ERROR - Error processing DA file quinault: Could not open Parquet input source '<Buffer>': Parquet magic bytes not found in footer. Either the file is corrupted or this is not a parquet file.
2025-08-06 11:33:17 - data_sources.toxin_processor - WARNING - No valid DA data processed for quinault
2025-08-06 11:33:17 - data_sources.toxin_processor - ERROR - Error processing DA file kalaloch: Could not open Parquet input source '<Buffer>': Parquet magic bytes not found in footer. Either the file is corrupted or this is not a parquet file.
2025-08-06 11:33:17 - data_sources.toxin_processor - WARNING - No valid DA data processed for kalaloch
2025-08-06 11:33:17 - data_sources.toxin_processor - ERROR - Error processing DA file copalis: Could not open Parquet input source '<Buffer>': Parquet magic bytes not found in footer. Either the file is corrupted or this is not a parquet file.
2025-08-06 11:33:17 - data_sources.toxin_processor - WARNING - No valid DA data processed for copalis
2025-08-06 11:33:17 - data_sources.toxin_processor - ERROR - Error processing DA file newport: Could not open Parquet input source '<Buffer>': Parquet magic bytes not found in footer. Either the file is corrupted or this is not a parquet file.
2025-08-06 11:33:17 - data_sources.toxin_processor - WARNING - No valid DA data processed for newport
2025-08-06 11:33:17 - data_sources.toxin_processor - ERROR - Error processing DA file gold-beach: Could not open Parquet input source '<Buffer>': Parquet magic bytes not found in footer. Either the file is corrupted or this is not a parquet file.
2025-08-06 11:33:17 - data_sources.toxin_processor - WARNING - No valid DA data processed for gold-beach
2025-08-06 11:33:17 - data_sources.toxin_processor - ERROR - Error processing DA file coos-bay: Could not open Parquet input source '<Buffer>': Parquet magic bytes not found in footer. Either the file is corrupted or this is not a parquet file.
2025-08-06 11:33:17 - data_sources.toxin_processor - WARNING - No valid DA data processed for coos-bay
2025-08-06 11:33:17 - data_sources.toxin_processor - ERROR - Error processing DA file clatsop-beach: Could not open Parquet input source '<Buffer>': Parquet magic bytes not found in footer. Either the file is corrupted or this is not a parquet file.
2025-08-06 11:33:17 - data_sources.toxin_processor - WARNING - No valid DA data processed for clatsop-beach
2025-08-06 11:33:17 - data_sources.toxin_processor - ERROR - Error processing DA file cannon-beach: Could not open Parquet input source '<Buffer>': Parquet magic bytes not found in footer. Either the file is corrupted or this is not a parquet file.
2025-08-06 11:33:17 - data_sources.toxin_processor - WARNING - No valid DA data processed for cannon-beach
2025-08-06 11:33:17 - data_sources.toxin_processor - ERROR - No DA data was successfully processed
2025-08-06 11:33:17 - data_sources.toxin_processor - INFO - Starting PN data processing
2025-08-06 11:33:17 - data_sources.toxin_processor - ERROR - Error processing PN file gold-beach-pn: Could not open Parquet input source '<Buffer>': Parquet magic bytes not found in footer. Either the file is corrupted or this is not a parquet file.
2025-08-06 11:33:17 - data_sources.toxin_processor - WARNING - No valid PN data processed for gold-beach-pn
2025-08-06 11:33:17 - data_sources.toxin_processor - ERROR - Error processing PN file coos-bay-pn: Could not open Parquet input source '<Buffer>': Parquet magic bytes not found in footer. Either the file is corrupted or this is not a parquet file.
2025-08-06 11:33:17 - data_sources.toxin_processor - WARNING - No valid PN data processed for coos-bay-pn
2025-08-06 11:33:17 - data_sources.toxin_processor - ERROR - Error processing PN file newport-pn: Could not open Parquet input source '<Buffer>': Parquet magic bytes not found in footer. Either the file is corrupted or this is not a parquet file.
2025-08-06 11:33:17 - data_sources.toxin_processor - WARNING - No valid PN data processed for newport-pn
2025-08-06 11:33:17 - data_sources.toxin_processor - ERROR - Error processing PN file clatsop-beach-pn: Could not open Parquet input source '<Buffer>': Parquet magic bytes not found in footer. Either the file is corrupted or this is not a parquet file.
2025-08-06 11:33:17 - data_sources.toxin_processor - WARNING - No valid PN data processed for clatsop-beach-pn
2025-08-06 11:33:17 - data_sources.toxin_processor - ERROR - Error processing PN file cannon-beach-pn: Could not open Parquet input source '<Buffer>': Parquet magic bytes not found in footer. Either the file is corrupted or this is not a parquet file.
2025-08-06 11:33:17 - data_sources.toxin_processor - WARNING - No valid PN data processed for cannon-beach-pn
2025-08-06 11:33:17 - data_sources.toxin_processor - ERROR - Error processing PN file kalaloch-pn: Could not open Parquet input source '<Buffer>': Parquet magic bytes not found in footer. Either the file is corrupted or this is not a parquet file.
2025-08-06 11:33:17 - data_sources.toxin_processor - WARNING - No valid PN data processed for kalaloch-pn
2025-08-06 11:33:17 - data_sources.toxin_processor - ERROR - Error processing PN file copalis-pn: Could not open Parquet input source '<Buffer>': Parquet magic bytes not found in footer. Either the file is corrupted or this is not a parquet file.
2025-08-06 11:33:17 - data_sources.toxin_processor - WARNING - No valid PN data processed for copalis-pn
2025-08-06 11:33:17 - data_sources.toxin_processor - ERROR - Error processing PN file long-beach-pn: Could not open Parquet input source '<Buffer>': Parquet magic bytes not found in footer. Either the file is corrupted or this is not a parquet file.
2025-08-06 11:33:17 - data_sources.toxin_processor - WARNING - No valid PN data processed for long-beach-pn
2025-08-06 11:33:17 - data_sources.toxin_processor - ERROR - Error processing PN file twin-harbors-pn: Could not open Parquet input source '<Buffer>': Parquet magic bytes not found in footer. Either the file is corrupted or this is not a parquet file.
2025-08-06 11:33:17 - data_sources.toxin_processor - WARNING - No valid PN data processed for twin-harbors-pn
2025-08-06 11:33:17 - data_sources.toxin_processor - ERROR - Error processing PN file quinault-pn: Could not open Parquet input source '<Buffer>': Parquet magic bytes not found in footer. Either the file is corrupted or this is not a parquet file.
2025-08-06 11:33:17 - data_sources.toxin_processor - WARNING - No valid PN data processed for quinault-pn
2025-08-06 11:33:17 - data_sources.toxin_processor - ERROR - No PN data was successfully processed
2025-08-06 11:33:17 - data_sources.toxin_processor - INFO - Toxin data statistics: DA=0 records, PN=0 records
2025-08-06 11:33:17 - __main__ - INFO - Toxin processing statistics: {'da': {'total_records': 0, 'error': 'No DA data available'}, 'pn': {'total_records': 0, 'error': 'No PN data available'}}
2025-08-06 11:33:17 - __main__ - INFO - Starting data integration
2025-08-06 11:33:17 - pipeline.temporal_safeguards - INFO - Initialized TemporalSafeguards
2025-08-06 11:33:17 - pipeline.data_integrator - INFO - Initialized DataIntegrator
2025-08-06 11:33:17 - pipeline.data_integrator - INFO - Starting complete data integration pipeline
2025-08-06 11:33:17 - pipeline.data_integrator - INFO - Generating weekly site-date grid from 2003-01-01 to 2023-12-31
2025-08-06 11:33:17 - pipeline.data_integrator - INFO - Generated base DataFrame with 10950 site-week rows
2025-08-06 11:33:17 - pipeline.data_integrator - INFO - Merging environmental data with temporal safeguards
2025-08-06 11:33:17 - pipeline.data_integrator - INFO - Environmental data integration complete: 10950 records
2025-08-06 11:33:17 - pipeline.data_integrator - INFO - BEUTI data integration would be implemented here
2025-08-06 11:33:17 - pipeline.data_integrator - INFO - Merging DA and PN toxin data
2025-08-06 11:33:17 - pipeline.data_integrator - WARNING - DA data not available - adding null column
2025-08-06 11:33:17 - pipeline.data_integrator - WARNING - PN data not available - adding null column
2025-08-06 11:33:17 - pipeline.data_integrator - INFO - Toxin data integration complete: 10950 records
2025-08-06 11:33:17 - pipeline.data_integrator - INFO - Applying final data processing and interpolation
2025-08-06 11:33:17 - pipeline.temporal_safeguards - INFO - Starting comprehensive temporal integrity validation
2025-08-06 11:33:17 - pipeline.temporal_safeguards - INFO - Temporal integrity validation completed successfully
2025-08-06 11:33:17 - pipeline.data_integrator - INFO - Final data validation passed
2025-08-06 11:33:17 - pipeline.data_integrator - INFO - Data quality summary: 10950 records, 10 sites, 7658 days
2025-08-06 11:33:17 - pipeline.data_integrator - WARNING - High missing data in DA_Levels_orig: 100.0%
2025-08-06 11:33:17 - pipeline.data_integrator - WARNING - High missing data in PN_Levels_orig: 100.0%
2025-08-06 11:33:17 - pipeline.data_integrator - INFO - Final data processing complete: 10950 records ready for modeling
2025-08-06 11:33:17 - pipeline.data_integrator - INFO - Complete data integration pipeline finished successfully
2025-08-06 11:33:17 - __main__ - INFO - Data integration completed: 10950 records
2025-08-06 11:33:17 - __main__ - INFO - Saving final dataset to ./data/processed/final_output.parquet
2025-08-06 11:33:17 - __main__ - INFO - Dataset saved successfully: 0.1MB
2025-08-06 11:33:17 - __main__ - INFO - Pipeline completed successfully in 0:00:06.802866
2025-08-06 11:33:17 - __main__ - INFO - Starting cleanup of temporary files
2025-08-06 11:33:17 - __main__ - INFO - Cleanup completed successfully
