2025-08-06 15:37:37 - root - INFO - File logging enabled: outputs/logs/datect_20250806_153737.log
2025-08-06 15:37:37 - __main__ - INFO - Starting DATect dataset creation pipeline - modular version
2025-08-06 15:37:37 - __main__ - ERROR - No value column found in PN file for gold-beach-pn
2025-08-06 15:37:37 - __main__ - WARNING - No valid PN data found for gold-beach-pn
2025-08-06 15:37:37 - __main__ - ERROR - No value column found in PN file for coos-bay-pn
2025-08-06 15:37:37 - __main__ - WARNING - No valid PN data found for coos-bay-pn
2025-08-06 15:37:37 - __main__ - ERROR - No value column found in PN file for newport-pn
2025-08-06 15:37:37 - __main__ - WARNING - No valid PN data found for newport-pn
2025-08-06 15:37:37 - __main__ - ERROR - No value column found in PN file for clatsop-beach-pn
2025-08-06 15:37:37 - __main__ - WARNING - No valid PN data found for clatsop-beach-pn
2025-08-06 15:37:37 - __main__ - ERROR - No value column found in PN file for cannon-beach-pn
2025-08-06 15:37:37 - __main__ - WARNING - No valid PN data found for cannon-beach-pn
2025-08-06 15:37:37 - __main__ - ERROR - Error processing PN file for kalaloch-pn: agg function failed [how->mean,dtype->object]
2025-08-06 15:37:37 - __main__ - WARNING - No valid PN data found for kalaloch-pn
2025-08-06 15:37:38 - __main__ - ERROR - Error processing PN file for copalis-pn: agg function failed [how->mean,dtype->object]
2025-08-06 15:37:38 - __main__ - WARNING - No valid PN data found for copalis-pn
2025-08-06 15:37:38 - __main__ - ERROR - Error processing PN file for long-beach-pn: agg function failed [how->mean,dtype->object]
2025-08-06 15:37:38 - __main__ - WARNING - No valid PN data found for long-beach-pn
2025-08-06 15:37:38 - __main__ - ERROR - Error processing PN file for twin-harbors-pn: agg function failed [how->mean,dtype->object]
2025-08-06 15:37:38 - __main__ - WARNING - No valid PN data found for twin-harbors-pn
2025-08-06 15:37:38 - __main__ - ERROR - Error processing PN file for quinault-pn: agg function failed [how->mean,dtype->object]
2025-08-06 15:37:38 - __main__ - WARNING - No valid PN data found for quinault-pn
2025-08-06 15:37:38 - __main__ - WARNING - No PN data was successfully processed
2025-08-06 15:37:38 - __main__ - INFO - Starting download: https://waterservices.usgs.gov/nwis/dv?format=json&siteStatus=all&site=14246900&agencyCd=USGS&statCd=00003&parameterCd=00060&startDT=2002-06-01&endDT=2025-02-22
2025-08-06 15:37:38 - forecasting.core.validation - ERROR - Failed to create secure temporary file: [Errno 2] No such file or directory: '/Users/ansonchen/Documents/GitHub/DATect-Forecasting-Domoic-Acid/tmp/download_tq827r0tjson'
2025-08-06 15:37:38 - forecasting.core.secure_download - ERROR - Download error for https://waterservices.usgs.gov/nwis/dv?format=json&siteStatus=all&site=14246900&agencyCd=USGS&statCd=00003&parameterCd=00060&startDT=2002-06-01&endDT=2025-02-22: Temporary file creation failed: [Errno 2] No such file or directory: '/Users/ansonchen/Documents/GitHub/DATect-Forecasting-Domoic-Acid/tmp/download_tq827r0tjson'
2025-08-06 15:37:38 - forecasting.core.secure_download - ERROR - Download failed: Download failed: Temporary file creation failed: [Errno 2] No such file or directory: '/Users/ansonchen/Documents/GitHub/DATect-Forecasting-Domoic-Acid/tmp/download_tq827r0tjson'
2025-08-06 15:37:38 - __main__ - ERROR - Download failed for https://waterservices.usgs.gov/nwis/dv?format=json&siteStatus=all&site=14246900&agencyCd=USGS&statCd=00003&parameterCd=00060&startDT=2002-06-01&endDT=2025-02-22
2025-08-06 15:37:38 - forecasting.core.exception_handling - ERROR - Unexpected error in download_file: Secure download failed for https://waterservices.usgs.gov/nwis/dv?format=json&siteStatus=all&site=14246900&agencyCd=USGS&statCd=00003&parameterCd=00060&startDT=2002-06-01&endDT=2025-02-22
2025-08-06 15:37:38 - forecasting.core.exception_handling - ERROR - Unexpected error in process_streamflow: expected str, bytes or os.PathLike object, not NoneType
2025-08-06 15:37:38 - __main__ - INFO - Starting climate index processing: pdo
2025-08-06 15:37:38 - __main__ - INFO - Starting download: https://oceanview.pfeg.noaa.gov/erddap/tabledap/cciea_OC_PDO.nc?time%2CPDO&time%3E=2002-05-01&time%3C=2025-01-01T00%3A00%3A00Z
2025-08-06 15:37:38 - forecasting.core.validation - ERROR - Failed to create secure temporary file: [Errno 2] No such file or directory: '/Users/ansonchen/Documents/GitHub/DATect-Forecasting-Domoic-Acid/tmp/download_cpk1ao8hnc'
2025-08-06 15:37:38 - forecasting.core.secure_download - ERROR - Download error for https://oceanview.pfeg.noaa.gov/erddap/tabledap/cciea_OC_PDO.nc?time%2CPDO&time%3E=2002-05-01&time%3C=2025-01-01T00%3A00%3A00Z: Temporary file creation failed: [Errno 2] No such file or directory: '/Users/ansonchen/Documents/GitHub/DATect-Forecasting-Domoic-Acid/tmp/download_cpk1ao8hnc'
2025-08-06 15:37:38 - forecasting.core.secure_download - ERROR - Download failed: Download failed: Temporary file creation failed: [Errno 2] No such file or directory: '/Users/ansonchen/Documents/GitHub/DATect-Forecasting-Domoic-Acid/tmp/download_cpk1ao8hnc'
2025-08-06 15:37:38 - __main__ - ERROR - Download failed for https://oceanview.pfeg.noaa.gov/erddap/tabledap/cciea_OC_PDO.nc?time%2CPDO&time%3E=2002-05-01&time%3C=2025-01-01T00%3A00%3A00Z
2025-08-06 15:37:38 - forecasting.core.exception_handling - ERROR - Unexpected error in download_file: Secure download failed for https://oceanview.pfeg.noaa.gov/erddap/tabledap/cciea_OC_PDO.nc?time%2CPDO&time%3E=2002-05-01&time%3C=2025-01-01T00%3A00%3A00Z
2025-08-06 15:37:38 - __main__ - INFO - Successfully downloaded pdo data to None
2025-08-06 15:37:38 - forecasting.core.exception_handling - ERROR - Invalid data in fetch_climate_index: did not find a match in any of xarray's currently installed IO backends ['netcdf4', 'scipy', 'pydap']. Consider explicitly selecting one of the installed engines via the ``engine`` parameter, or installing additional IO dependencies, see:
https://docs.xarray.dev/en/stable/getting-started-guide/installing.html
https://docs.xarray.dev/en/stable/user-guide/io.html
2025-08-06 15:37:38 - __main__ - INFO - Starting climate index processing: oni
2025-08-06 15:37:38 - __main__ - INFO - Starting download: https://oceanview.pfeg.noaa.gov/erddap/tabledap/cciea_OC_ONI.nc?time%2CONI&time%3E=2002-05-01&time%3C=2024-12-01T00%3A00%3A00Z
2025-08-06 15:37:38 - forecasting.core.validation - ERROR - Failed to create secure temporary file: [Errno 2] No such file or directory: '/Users/ansonchen/Documents/GitHub/DATect-Forecasting-Domoic-Acid/tmp/download_zqr4y7udnc'
2025-08-06 15:37:38 - forecasting.core.secure_download - ERROR - Download error for https://oceanview.pfeg.noaa.gov/erddap/tabledap/cciea_OC_ONI.nc?time%2CONI&time%3E=2002-05-01&time%3C=2024-12-01T00%3A00%3A00Z: Temporary file creation failed: [Errno 2] No such file or directory: '/Users/ansonchen/Documents/GitHub/DATect-Forecasting-Domoic-Acid/tmp/download_zqr4y7udnc'
2025-08-06 15:37:38 - forecasting.core.secure_download - ERROR - Download failed: Download failed: Temporary file creation failed: [Errno 2] No such file or directory: '/Users/ansonchen/Documents/GitHub/DATect-Forecasting-Domoic-Acid/tmp/download_zqr4y7udnc'
2025-08-06 15:37:38 - __main__ - ERROR - Download failed for https://oceanview.pfeg.noaa.gov/erddap/tabledap/cciea_OC_ONI.nc?time%2CONI&time%3E=2002-05-01&time%3C=2024-12-01T00%3A00%3A00Z
2025-08-06 15:37:38 - forecasting.core.exception_handling - ERROR - Unexpected error in download_file: Secure download failed for https://oceanview.pfeg.noaa.gov/erddap/tabledap/cciea_OC_ONI.nc?time%2CONI&time%3E=2002-05-01&time%3C=2024-12-01T00%3A00%3A00Z
2025-08-06 15:37:38 - __main__ - INFO - Successfully downloaded oni data to None
2025-08-06 15:37:38 - forecasting.core.exception_handling - ERROR - Invalid data in fetch_climate_index: did not find a match in any of xarray's currently installed IO backends ['netcdf4', 'scipy', 'pydap']. Consider explicitly selecting one of the installed engines via the ``engine`` parameter, or installing additional IO dependencies, see:
https://docs.xarray.dev/en/stable/getting-started-guide/installing.html
https://docs.xarray.dev/en/stable/user-guide/io.html
2025-08-06 15:37:38 - __main__ - INFO - Starting download: https://oceanview.pfeg.noaa.gov/erddap/griddap/erdBEUTIdaily.nc?BEUTI%5B(2002-05-01):1:(2024-11-28T00:00:00Z)%5D%5B(42):1:(47.0)%5D
2025-08-06 15:37:38 - forecasting.core.validation - ERROR - Failed to create secure temporary file: [Errno 2] No such file or directory: '/Users/ansonchen/Documents/GitHub/DATect-Forecasting-Domoic-Acid/tmp/download_9gar27hnnc'
2025-08-06 15:37:38 - forecasting.core.secure_download - ERROR - Download error for https://oceanview.pfeg.noaa.gov/erddap/griddap/erdBEUTIdaily.nc?BEUTI%5B(2002-05-01):1:(2024-11-28T00:00:00Z)%5D%5B(42):1:(47.0)%5D: Temporary file creation failed: [Errno 2] No such file or directory: '/Users/ansonchen/Documents/GitHub/DATect-Forecasting-Domoic-Acid/tmp/download_9gar27hnnc'
2025-08-06 15:37:38 - forecasting.core.secure_download - ERROR - Download failed: Download failed: Temporary file creation failed: [Errno 2] No such file or directory: '/Users/ansonchen/Documents/GitHub/DATect-Forecasting-Domoic-Acid/tmp/download_9gar27hnnc'
2025-08-06 15:37:38 - __main__ - ERROR - Download failed for https://oceanview.pfeg.noaa.gov/erddap/griddap/erdBEUTIdaily.nc?BEUTI%5B(2002-05-01):1:(2024-11-28T00:00:00Z)%5D%5B(42):1:(47.0)%5D
2025-08-06 15:37:38 - forecasting.core.exception_handling - ERROR - Unexpected error in download_file: Secure download failed for https://oceanview.pfeg.noaa.gov/erddap/griddap/erdBEUTIdaily.nc?BEUTI%5B(2002-05-01):1:(2024-11-28T00:00:00Z)%5D%5B(42):1:(47.0)%5D
2025-08-06 15:37:38 - forecasting.core.exception_handling - ERROR - Invalid data in fetch_beuti_data: did not find a match in any of xarray's currently installed IO backends ['netcdf4', 'scipy', 'pydap']. Consider explicitly selecting one of the installed engines via the ``engine`` parameter, or installing additional IO dependencies, see:
https://docs.xarray.dev/en/stable/getting-started-guide/installing.html
https://docs.xarray.dev/en/stable/user-guide/io.html
2025-08-06 15:37:38 - __main__ - ERROR - Pipeline failed with error: [Errno 32] Broken pipe
2025-08-06 15:37:38 - __main__ - ERROR - Pipeline failed with error: [Errno 32] Broken pipe
