2025-08-06 14:40:23 - root - INFO - File logging enabled: outputs/logs/datect_20250806_144023.log
2025-08-06 14:40:23 - __main__ - INFO - Starting DATect dataset creation pipeline
2025-08-06 14:40:23 - __main__ - INFO - Starting download: https://waterservices.usgs.gov/nwis/dv?format=json&siteStatus=all&site=14246900&agencyCd=USGS&statCd=00003&parameterCd=00060&startDT=2002-06-01&endDT=2025-02-22
2025-08-06 14:40:25 - forecasting.core.secure_download - INFO - Successfully downloaded: https://waterservices.usgs.gov/nwis/dv?format=json&siteStatus=all&site=14246900&agencyCd=USGS&statCd=00003&parameterCd=00060&startDT=2002-06-01&endDT=2025-02-22 -> /Users/ansonchen/Documents/GitHub/DATect-Forecasting-Domoic-Acid/tmp/download_w3mj9co0json
2025-08-06 14:40:25 - __main__ - INFO - Download completed: https://waterservices.usgs.gov/nwis/dv?format=json&siteStatus=all&site=14246900&agencyCd=USGS&statCd=00003&parameterCd=00060&startDT=2002-06-01&endDT=2025-02-22 -> /Users/ansonchen/Documents/GitHub/DATect-Forecasting-Domoic-Acid/tmp/download_w3mj9co0json
2025-08-06 14:40:26 - __main__ - INFO - Starting climate index processing: pdo
2025-08-06 14:40:26 - __main__ - INFO - Starting download: https://oceanview.pfeg.noaa.gov/erddap/tabledap/cciea_OC_PDO.nc?time%2CPDO&time%3E=2002-05-01&time%3C=2025-01-01T00%3A00%3A00Z
2025-08-06 14:40:28 - forecasting.core.secure_download - INFO - Successfully downloaded: https://oceanview.pfeg.noaa.gov/erddap/tabledap/cciea_OC_PDO.nc?time%2CPDO&time%3E=2002-05-01&time%3C=2025-01-01T00%3A00%3A00Z -> /Users/ansonchen/Documents/GitHub/DATect-Forecasting-Domoic-Acid/tmp/download_sx_bv9jenc
2025-08-06 14:40:28 - __main__ - INFO - Download completed: https://oceanview.pfeg.noaa.gov/erddap/tabledap/cciea_OC_PDO.nc?time%2CPDO&time%3E=2002-05-01&time%3C=2025-01-01T00%3A00%3A00Z -> /Users/ansonchen/Documents/GitHub/DATect-Forecasting-Domoic-Acid/tmp/download_sx_bv9jenc
2025-08-06 14:40:28 - __main__ - INFO - Successfully downloaded pdo data to /Users/ansonchen/Documents/GitHub/DATect-Forecasting-Domoic-Acid/tmp/download_sx_bv9jenc
2025-08-06 14:40:28 - __main__ - INFO - Successfully processed pdo: 273 monthly records
2025-08-06 14:40:28 - __main__ - INFO - Starting climate index processing: oni
2025-08-06 14:40:28 - __main__ - INFO - Starting download: https://oceanview.pfeg.noaa.gov/erddap/tabledap/cciea_OC_ONI.nc?time%2CONI&time%3E=2002-05-01&time%3C=2024-12-01T00%3A00%3A00Z
2025-08-06 14:40:29 - forecasting.core.secure_download - INFO - Successfully downloaded: https://oceanview.pfeg.noaa.gov/erddap/tabledap/cciea_OC_ONI.nc?time%2CONI&time%3E=2002-05-01&time%3C=2024-12-01T00%3A00%3A00Z -> /Users/ansonchen/Documents/GitHub/DATect-Forecasting-Domoic-Acid/tmp/download_uw9muue8nc
2025-08-06 14:40:29 - __main__ - INFO - Download completed: https://oceanview.pfeg.noaa.gov/erddap/tabledap/cciea_OC_ONI.nc?time%2CONI&time%3E=2002-05-01&time%3C=2024-12-01T00%3A00%3A00Z -> /Users/ansonchen/Documents/GitHub/DATect-Forecasting-Domoic-Acid/tmp/download_uw9muue8nc
2025-08-06 14:40:29 - __main__ - INFO - Successfully downloaded oni data to /Users/ansonchen/Documents/GitHub/DATect-Forecasting-Domoic-Acid/tmp/download_uw9muue8nc
2025-08-06 14:40:29 - __main__ - INFO - Successfully processed oni: 272 monthly records
2025-08-06 14:40:29 - __main__ - INFO - Starting download: https://oceanview.pfeg.noaa.gov/erddap/griddap/erdBEUTIdaily.nc?BEUTI%5B(2002-05-01):1:(2024-11-28T00:00:00Z)%5D%5B(42):1:(47.0)%5D
2025-08-06 14:40:30 - forecasting.core.secure_download - INFO - Successfully downloaded: https://oceanview.pfeg.noaa.gov/erddap/griddap/erdBEUTIdaily.nc?BEUTI%5B(2002-05-01):1:(2024-11-28T00:00:00Z)%5D%5B(42):1:(47.0)%5D -> /Users/ansonchen/Documents/GitHub/DATect-Forecasting-Domoic-Acid/tmp/download_djw1g3bgnc
2025-08-06 14:40:30 - __main__ - INFO - Download completed: https://oceanview.pfeg.noaa.gov/erddap/griddap/erdBEUTIdaily.nc?BEUTI%5B(2002-05-01):1:(2024-11-28T00:00:00Z)%5D%5B(42):1:(47.0)%5D -> /Users/ansonchen/Documents/GitHub/DATect-Forecasting-Domoic-Acid/tmp/download_djw1g3bgnc
2025-08-06 14:41:11 - __main__ - INFO - Starting cleanup of temporary files
2025-08-06 14:41:11 - __main__ - INFO - Cleanup completed successfully
2025-08-06 14:41:11 - __main__ - INFO - Pipeline completed in 0:00:48.324281
