2025-08-06 14:04:34 - root - INFO - File logging enabled: outputs/logs/datect_20250806_140434.log
2025-08-06 14:04:34 - __main__ - INFO - Starting DATect dataset creation pipeline
2025-08-06 14:04:35 - __main__ - INFO - Starting download: https://waterservices.usgs.gov/nwis/dv?format=json&siteStatus=all&site=14246900&agencyCd=USGS&statCd=00003&parameterCd=00060&startDT=2002-06-01&endDT=2025-02-22
2025-08-06 14:04:36 - forecasting.core.secure_download - INFO - Successfully downloaded: https://waterservices.usgs.gov/nwis/dv?format=json&siteStatus=all&site=14246900&agencyCd=USGS&statCd=00003&parameterCd=00060&startDT=2002-06-01&endDT=2025-02-22 -> /Users/ansonchen/Documents/GitHub/DATect-Forecasting-Domoic-Acid/tmp/download_qryvdbprjson
2025-08-06 14:04:36 - __main__ - INFO - Download completed: https://waterservices.usgs.gov/nwis/dv?format=json&siteStatus=all&site=14246900&agencyCd=USGS&statCd=00003&parameterCd=00060&startDT=2002-06-01&endDT=2025-02-22 -> /Users/ansonchen/Documents/GitHub/DATect-Forecasting-Domoic-Acid/tmp/download_qryvdbprjson
2025-08-06 14:04:36 - forecasting.core.exception_handling - ERROR - Data file not found in process_streamflow: [Errno 2] No such file or directory: '/var/folders/5n/q6llj5253vdbhnh52t2wlcd40000gn/T/data_dl_40n6et_3/dv.json'
2025-08-06 14:04:36 - __main__ - INFO - Starting climate index processing: pdo
2025-08-06 14:04:36 - __main__ - INFO - Starting download: https://oceanview.pfeg.noaa.gov/erddap/tabledap/cciea_OC_PDO.nc?time%2CPDO&time%3E=2002-05-01&time%3C=2025-01-01T00%3A00%3A00Z
2025-08-06 14:04:36 - forecasting.core.secure_download - INFO - Successfully downloaded: https://oceanview.pfeg.noaa.gov/erddap/tabledap/cciea_OC_PDO.nc?time%2CPDO&time%3E=2002-05-01&time%3C=2025-01-01T00%3A00%3A00Z -> /Users/ansonchen/Documents/GitHub/DATect-Forecasting-Domoic-Acid/tmp/download_8ss6q8xinc
2025-08-06 14:04:36 - __main__ - INFO - Download completed: https://oceanview.pfeg.noaa.gov/erddap/tabledap/cciea_OC_PDO.nc?time%2CPDO&time%3E=2002-05-01&time%3C=2025-01-01T00%3A00%3A00Z -> /Users/ansonchen/Documents/GitHub/DATect-Forecasting-Domoic-Acid/tmp/download_8ss6q8xinc
2025-08-06 14:04:36 - __main__ - INFO - Successfully downloaded pdo data to /var/folders/5n/q6llj5253vdbhnh52t2wlcd40000gn/T/data_dl_40n6et_3/cciea_OC_PDO.nc
2025-08-06 14:04:36 - forecasting.core.exception_handling - ERROR - Data file not found in fetch_climate_index: [Errno 2] No such file or directory: '/var/folders/5n/q6llj5253vdbhnh52t2wlcd40000gn/T/data_dl_40n6et_3/cciea_OC_PDO.nc'
2025-08-06 14:04:36 - __main__ - INFO - Starting climate index processing: oni
2025-08-06 14:04:36 - __main__ - INFO - Starting download: https://oceanview.pfeg.noaa.gov/erddap/tabledap/cciea_OC_ONI.nc?time%2CONI&time%3E=2002-05-01&time%3C=2024-12-01T00%3A00%3A00Z
2025-08-06 14:04:37 - forecasting.core.secure_download - INFO - Successfully downloaded: https://oceanview.pfeg.noaa.gov/erddap/tabledap/cciea_OC_ONI.nc?time%2CONI&time%3E=2002-05-01&time%3C=2024-12-01T00%3A00%3A00Z -> /Users/ansonchen/Documents/GitHub/DATect-Forecasting-Domoic-Acid/tmp/download_mr1pod9onc
2025-08-06 14:04:37 - __main__ - INFO - Download completed: https://oceanview.pfeg.noaa.gov/erddap/tabledap/cciea_OC_ONI.nc?time%2CONI&time%3E=2002-05-01&time%3C=2024-12-01T00%3A00%3A00Z -> /Users/ansonchen/Documents/GitHub/DATect-Forecasting-Domoic-Acid/tmp/download_mr1pod9onc
2025-08-06 14:04:37 - __main__ - INFO - Successfully downloaded oni data to /var/folders/5n/q6llj5253vdbhnh52t2wlcd40000gn/T/data_dl_40n6et_3/cciea_OC_ONI.nc
2025-08-06 14:04:37 - forecasting.core.exception_handling - ERROR - Data file not found in fetch_climate_index: [Errno 2] No such file or directory: '/var/folders/5n/q6llj5253vdbhnh52t2wlcd40000gn/T/data_dl_40n6et_3/cciea_OC_ONI.nc'
2025-08-06 14:04:37 - __main__ - INFO - Starting download: https://oceanview.pfeg.noaa.gov/erddap/griddap/erdBEUTIdaily.nc?BEUTI%5B(2002-05-01):1:(2024-11-28T00:00:00Z)%5D%5B(42):1:(47.0)%5D
2025-08-06 14:04:37 - forecasting.core.secure_download - INFO - Successfully downloaded: https://oceanview.pfeg.noaa.gov/erddap/griddap/erdBEUTIdaily.nc?BEUTI%5B(2002-05-01):1:(2024-11-28T00:00:00Z)%5D%5B(42):1:(47.0)%5D -> /Users/ansonchen/Documents/GitHub/DATect-Forecasting-Domoic-Acid/tmp/download_qohg4mo0nc
2025-08-06 14:04:37 - __main__ - INFO - Download completed: https://oceanview.pfeg.noaa.gov/erddap/griddap/erdBEUTIdaily.nc?BEUTI%5B(2002-05-01):1:(2024-11-28T00:00:00Z)%5D%5B(42):1:(47.0)%5D -> /Users/ansonchen/Documents/GitHub/DATect-Forecasting-Domoic-Acid/tmp/download_qohg4mo0nc
2025-08-06 14:04:37 - forecasting.core.exception_handling - ERROR - Data file not found in fetch_beuti_data: [Errno 2] No such file or directory: '/var/folders/5n/q6llj5253vdbhnh52t2wlcd40000gn/T/data_dl_40n6et_3/erdBEUTIdaily.nc'
2025-08-06 14:04:37 - __main__ - ERROR - Pipeline failed with error: 'NoneType' object is not subscriptable
